<?xml version="1.0" encoding="UTF-8"?>
<testsuite name="com.example.DevSecOps.DevSecOpsApplicationTests" tests="1" skipped="0" failures="0" errors="0" timestamp="2025-04-20T20:26:47.189Z" hostname="MacBook-Pro-de-Yanis-2.local" time="0.503">
  <properties/>
  <testcase name="contextLoads()" classname="com.example.DevSecOps.DevSecOpsApplicationTests" time="0.503"/>
  <system-out><![CDATA[22:26:46.328 [Test worker] INFO org.springframework.test.context.support.AnnotationConfigContextLoaderUtils -- Could not detect default configuration classes for test class [com.example.DevSecOps.DevSecOpsApplicationTests]: DevSecOpsApplicationTests does not declare any static, non-private, non-final, nested classes annotated with @Configuration.
22:26:46.396 [Test worker] INFO org.springframework.boot.test.context.SpringBootTestContextBootstrapper -- Found @SpringBootConfiguration com.example.DevSecOps.DevSecOpsApplication for test class com.example.DevSecOps.DevSecOpsApplicationTests

  .   ____          _            __ _ _
 /\\ / ___'_ __ _ _(_)_ __  __ _ \ \ \ \
( ( )\___ | '_ | '_| | '_ \/ _` | \ \ \ \
 \\/  ___)| |_)| | | | | || (_| |  ) ) ) )
  '  |____| .__|_| |_|_| |_\__, | / / / /
 =========|_|==============|___/=/_/_/_/

 :: Spring Boot ::                (v3.4.3)

2025-04-20T22:26:46.595+02:00  INFO 15284 --- [DevSecOps] [    Test worker] c.e.DevSecOps.DevSecOpsApplicationTests  : Starting DevSecOpsApplicationTests using Java 21.0.2 with PID 15284 (started by yanisslimani in /Users/yanisslimani/Downloads/DevSecOps/DevSecOps)
2025-04-20T22:26:46.596+02:00  INFO 15284 --- [DevSecOps] [    Test worker] c.e.DevSecOps.DevSecOpsApplicationTests  : No active profile set, falling back to 1 default profile: "default"
2025-04-20T22:26:47.179+02:00  INFO 15284 --- [DevSecOps] [    Test worker] c.e.DevSecOps.DevSecOpsApplicationTests  : Started DevSecOpsApplicationTests in 0.703 seconds (process running for 1.378)
]]></system-out>
  <system-err><![CDATA[Mockito is currently self-attaching to enable the inline-mock-maker. This will no longer work in future releases of the JDK. Please add Mockito as an agent to your build what is described in Mockito's documentation: https://javadoc.io/doc/org.mockito/mockito-core/latest/org/mockito/Mockito.html#0.3
WARNING: A Java agent has been loaded dynamically (/Users/yanisslimani/.gradle/caches/modules-2/files-2.1/net.bytebuddy/byte-buddy-agent/1.15.11/a38b16385e867f59a641330f0362ebe742788ed8/byte-buddy-agent-1.15.11.jar)
WARNING: If a serviceability tool is in use, please run with -XX:+EnableDynamicAgentLoading to hide this warning
WARNING: If a serviceability tool is not in use, please run with -Djdk.instrument.traceUsage for more information
WARNING: Dynamic loading of agents will be disallowed by default in a future release
]]></system-err>
</testsuite>
